HeInputLibrary/build/intermediates/manifest_merge_blame_file/debug/processDebugManifest/manifest-merger-blame-debug-report.txt
1<?xml version="1.0" encoding="utf-8"?>
2<manifest xmlns:android="http://schemas.android.com/apk/res/android"
3    package="net.HeZi.Android.HeInputLibrary" >
4
5    <uses-sdk android:minSdkVersion="17" />
5-->INJECTED
5-->INJECTED
6
7    <!-- To access Google+ APIs: -->
8    <uses-permission android:name="android.permission.INTERNET" />
8-->src\main\AndroidManifest.xml:6:5-67
8-->src\main\AndroidManifest.xml:6:22-64
9
10    <application
10-->src\main\AndroidManifest.xml:8:5-11:50
11        android:allowBackup="true"
11-->src\main\AndroidManifest.xml:9:9-35
12        android:label="@string/app_name"
12-->src\main\AndroidManifest.xml:10:9-41
13        android:supportsRtl="true" />
13-->src\main\AndroidManifest.xml:11:9-35
14
15</manifest>